<?xml version="1.0" encoding="UTF-8"?>
<!-- Generated by org.testng.reporters.JUnitReportReporter -->
<testsuite skipped="0" hostname="user-PC" name="com.facebook.testcases.LogInPageTest" tests="2" failures="0" timestamp="04 Dec 2020 16:40:33 GMT" time="70.279" errors="0">
  <testcase name="LogInTestForCorrectUserNameAndPassword" time="17.841" classname="com.facebook.testcases.LogInPageTest"/>
  <testcase name="LogInTestForWrongUserNameAndWrongPassword" time="52.438" classname="com.facebook.testcases.LogInPageTest"/>
</testsuite> <!-- com.facebook.testcases.LogInPageTest -->
